[2017-11-17T14:48:06,422][INFO ][o.e.n.Node               ] [] initializing ...
[2017-11-17T14:48:06,600][INFO ][o.e.e.NodeEnvironment    ] [M7Qoz81] using [1] data paths, mounts [[/ (/dev/disk1)]], net usable_space [111.6gb], net total_space [232.5gb], types [hfs]
[2017-11-17T14:48:06,601][INFO ][o.e.e.NodeEnvironment    ] [M7Qoz81] heap size [990.7mb], compressed ordinary object pointers [true]
[2017-11-17T14:48:06,603][INFO ][o.e.n.Node               ] node name [M7Qoz81] derived from node ID [M7Qoz815R4qEmXKqMPylWA]; set [node.name] to override
[2017-11-17T14:48:06,603][INFO ][o.e.n.Node               ] version[6.0.0], pid[8221], build[8f0685b/2017-11-10T18:41:22.859Z], OS[Mac OS X/10.12.6/x86_64], JVM[Azul Systems, Inc./OpenJDK 64-Bit Server VM/1.8.0_144/25.144-b01]
[2017-11-17T14:48:06,604][INFO ][o.e.n.Node               ] JVM arguments [-Xms1g, -Xmx1g, -XX:+UseConcMarkSweepGC, -XX:CMSInitiatingOccupancyFraction=75, -XX:+UseCMSInitiatingOccupancyOnly, -XX:+AlwaysPreTouch, -Xss1m, -Djava.awt.headless=true, -Dfile.encoding=UTF-8, -Djna.nosys=true, -XX:-OmitStackTraceInFastThrow, -Dio.netty.noUnsafe=true, -Dio.netty.noKeySetOptimization=true, -Dio.netty.recycler.maxCapacityPerThread=0, -Dlog4j.shutdownHookEnabled=false, -Dlog4j2.disable.jmx=true, -XX:+HeapDumpOnOutOfMemoryError, -Des.path.home=/Users/jon/workspace/elasticsearch, -Des.path.conf=/Users/jon/workspace/elasticsearch/config]
[2017-11-17T14:48:07,838][INFO ][o.e.p.PluginsService     ] [M7Qoz81] loaded module [aggs-matrix-stats]
[2017-11-17T14:48:07,838][INFO ][o.e.p.PluginsService     ] [M7Qoz81] loaded module [analysis-common]
[2017-11-17T14:48:07,839][INFO ][o.e.p.PluginsService     ] [M7Qoz81] loaded module [ingest-common]
[2017-11-17T14:48:07,839][INFO ][o.e.p.PluginsService     ] [M7Qoz81] loaded module [lang-expression]
[2017-11-17T14:48:07,839][INFO ][o.e.p.PluginsService     ] [M7Qoz81] loaded module [lang-mustache]
[2017-11-17T14:48:07,839][INFO ][o.e.p.PluginsService     ] [M7Qoz81] loaded module [lang-painless]
[2017-11-17T14:48:07,839][INFO ][o.e.p.PluginsService     ] [M7Qoz81] loaded module [parent-join]
[2017-11-17T14:48:07,839][INFO ][o.e.p.PluginsService     ] [M7Qoz81] loaded module [percolator]
[2017-11-17T14:48:07,840][INFO ][o.e.p.PluginsService     ] [M7Qoz81] loaded module [reindex]
[2017-11-17T14:48:07,840][INFO ][o.e.p.PluginsService     ] [M7Qoz81] loaded module [repository-url]
[2017-11-17T14:48:07,840][INFO ][o.e.p.PluginsService     ] [M7Qoz81] loaded module [transport-netty4]
[2017-11-17T14:48:07,840][INFO ][o.e.p.PluginsService     ] [M7Qoz81] loaded module [tribe]
[2017-11-17T14:48:07,840][INFO ][o.e.p.PluginsService     ] [M7Qoz81] no plugins loaded
[2017-11-17T14:48:09,941][INFO ][o.e.d.DiscoveryModule    ] [M7Qoz81] using discovery type [zen]
[2017-11-17T14:48:11,324][INFO ][o.e.n.Node               ] initialized
[2017-11-17T14:48:11,325][INFO ][o.e.n.Node               ] [M7Qoz81] starting ...
[2017-11-17T14:48:12,702][INFO ][o.e.t.TransportService   ] [M7Qoz81] publish_address {127.0.0.1:9300}, bound_addresses {[fe80::1]:9300}, {[::1]:9300}, {127.0.0.1:9300}
[2017-11-17T14:48:15,769][INFO ][o.e.c.s.MasterService    ] [M7Qoz81] zen-disco-elected-as-master ([0] nodes joined), reason: new_master {M7Qoz81}{M7Qoz815R4qEmXKqMPylWA}{aqIdQm5wQk2tBi3m8uHzdg}{127.0.0.1}{127.0.0.1:9300}
[2017-11-17T14:48:15,774][INFO ][o.e.c.s.ClusterApplierService] [M7Qoz81] new_master {M7Qoz81}{M7Qoz815R4qEmXKqMPylWA}{aqIdQm5wQk2tBi3m8uHzdg}{127.0.0.1}{127.0.0.1:9300}, reason: apply cluster state (from master [master {M7Qoz81}{M7Qoz815R4qEmXKqMPylWA}{aqIdQm5wQk2tBi3m8uHzdg}{127.0.0.1}{127.0.0.1:9300} committed version [1] source [zen-disco-elected-as-master ([0] nodes joined)]])
[2017-11-17T14:48:15,795][INFO ][o.e.h.n.Netty4HttpServerTransport] [M7Qoz81] publish_address {127.0.0.1:9200}, bound_addresses {[fe80::1]:9200}, {[::1]:9200}, {127.0.0.1:9200}
[2017-11-17T14:48:15,795][INFO ][o.e.n.Node               ] [M7Qoz81] started
[2017-11-17T14:48:15,798][INFO ][o.e.g.GatewayService     ] [M7Qoz81] recovered [0] indices into cluster_state
[2017-11-17T15:31:17,716][INFO ][o.e.n.Node               ] [M7Qoz81] stopping ...
[2017-11-17T15:31:17,729][INFO ][o.e.n.Node               ] [M7Qoz81] stopped
[2017-11-17T15:31:17,729][INFO ][o.e.n.Node               ] [M7Qoz81] closing ...
[2017-11-17T15:31:17,738][INFO ][o.e.n.Node               ] [M7Qoz81] closed
[2017-11-17T15:35:03,518][INFO ][o.e.n.Node               ] [] initializing ...
[2017-11-17T15:35:03,627][INFO ][o.e.e.NodeEnvironment    ] [M7Qoz81] using [1] data paths, mounts [[/ (/dev/disk1)]], net usable_space [111.3gb], net total_space [232.5gb], types [hfs]
[2017-11-17T15:35:03,628][INFO ][o.e.e.NodeEnvironment    ] [M7Qoz81] heap size [990.7mb], compressed ordinary object pointers [true]
[2017-11-17T15:35:03,630][INFO ][o.e.n.Node               ] node name [M7Qoz81] derived from node ID [M7Qoz815R4qEmXKqMPylWA]; set [node.name] to override
[2017-11-17T15:35:03,631][INFO ][o.e.n.Node               ] version[6.0.0], pid[8805], build[8f0685b/2017-11-10T18:41:22.859Z], OS[Mac OS X/10.12.6/x86_64], JVM[Azul Systems, Inc./OpenJDK 64-Bit Server VM/1.8.0_144/25.144-b01]
[2017-11-17T15:35:03,631][INFO ][o.e.n.Node               ] JVM arguments [-Xms1g, -Xmx1g, -XX:+UseConcMarkSweepGC, -XX:CMSInitiatingOccupancyFraction=75, -XX:+UseCMSInitiatingOccupancyOnly, -XX:+AlwaysPreTouch, -Xss1m, -Djava.awt.headless=true, -Dfile.encoding=UTF-8, -Djna.nosys=true, -XX:-OmitStackTraceInFastThrow, -Dio.netty.noUnsafe=true, -Dio.netty.noKeySetOptimization=true, -Dio.netty.recycler.maxCapacityPerThread=0, -Dlog4j.shutdownHookEnabled=false, -Dlog4j2.disable.jmx=true, -XX:+HeapDumpOnOutOfMemoryError, -Des.path.home=/Users/jon/workspace/elasticsearch/elasticsearch, -Des.path.conf=/Users/jon/workspace/elasticsearch/elasticsearch/config]
[2017-11-17T15:35:05,658][INFO ][o.e.p.PluginsService     ] [M7Qoz81] loaded module [aggs-matrix-stats]
[2017-11-17T15:35:05,658][INFO ][o.e.p.PluginsService     ] [M7Qoz81] loaded module [analysis-common]
[2017-11-17T15:35:05,659][INFO ][o.e.p.PluginsService     ] [M7Qoz81] loaded module [ingest-common]
[2017-11-17T15:35:05,659][INFO ][o.e.p.PluginsService     ] [M7Qoz81] loaded module [lang-expression]
[2017-11-17T15:35:05,659][INFO ][o.e.p.PluginsService     ] [M7Qoz81] loaded module [lang-mustache]
[2017-11-17T15:35:05,660][INFO ][o.e.p.PluginsService     ] [M7Qoz81] loaded module [lang-painless]
[2017-11-17T15:35:05,660][INFO ][o.e.p.PluginsService     ] [M7Qoz81] loaded module [parent-join]
[2017-11-17T15:35:05,660][INFO ][o.e.p.PluginsService     ] [M7Qoz81] loaded module [percolator]
[2017-11-17T15:35:05,660][INFO ][o.e.p.PluginsService     ] [M7Qoz81] loaded module [reindex]
[2017-11-17T15:35:05,660][INFO ][o.e.p.PluginsService     ] [M7Qoz81] loaded module [repository-url]
[2017-11-17T15:35:05,660][INFO ][o.e.p.PluginsService     ] [M7Qoz81] loaded module [transport-netty4]
[2017-11-17T15:35:05,660][INFO ][o.e.p.PluginsService     ] [M7Qoz81] loaded module [tribe]
[2017-11-17T15:35:05,661][INFO ][o.e.p.PluginsService     ] [M7Qoz81] no plugins loaded
[2017-11-17T15:35:08,848][INFO ][o.e.d.DiscoveryModule    ] [M7Qoz81] using discovery type [zen]
[2017-11-17T15:35:09,994][INFO ][o.e.n.Node               ] initialized
[2017-11-17T15:35:09,995][INFO ][o.e.n.Node               ] [M7Qoz81] starting ...
[2017-11-17T15:35:10,241][INFO ][o.e.t.TransportService   ] [M7Qoz81] publish_address {127.0.0.1:9300}, bound_addresses {[fe80::1]:9300}, {[::1]:9300}, {127.0.0.1:9300}
[2017-11-17T15:35:13,371][INFO ][o.e.c.s.MasterService    ] [M7Qoz81] zen-disco-elected-as-master ([0] nodes joined), reason: new_master {M7Qoz81}{M7Qoz815R4qEmXKqMPylWA}{Jvhl4_RFSP-YmqL8vWG8hw}{127.0.0.1}{127.0.0.1:9300}
[2017-11-17T15:35:13,376][INFO ][o.e.c.s.ClusterApplierService] [M7Qoz81] new_master {M7Qoz81}{M7Qoz815R4qEmXKqMPylWA}{Jvhl4_RFSP-YmqL8vWG8hw}{127.0.0.1}{127.0.0.1:9300}, reason: apply cluster state (from master [master {M7Qoz81}{M7Qoz815R4qEmXKqMPylWA}{Jvhl4_RFSP-YmqL8vWG8hw}{127.0.0.1}{127.0.0.1:9300} committed version [1] source [zen-disco-elected-as-master ([0] nodes joined)]])
[2017-11-17T15:35:13,392][INFO ][o.e.h.n.Netty4HttpServerTransport] [M7Qoz81] publish_address {127.0.0.1:9200}, bound_addresses {[fe80::1]:9200}, {[::1]:9200}, {127.0.0.1:9200}
[2017-11-17T15:35:13,393][INFO ][o.e.n.Node               ] [M7Qoz81] started
[2017-11-17T15:35:13,399][INFO ][o.e.g.GatewayService     ] [M7Qoz81] recovered [0] indices into cluster_state
[2017-11-17T15:43:02,890][INFO ][o.e.c.m.MetaDataCreateIndexService] [M7Qoz81] [.kibana] creating index, cause [api], templates [], shards [1]/[1], mappings [doc]
[2017-11-17T16:50:35,998][INFO ][o.e.c.m.MetaDataCreateIndexService] [M7Qoz81] [articles] creating index, cause [auto(bulk api)], templates [], shards [5]/[1], mappings []
[2017-11-17T16:50:36,087][INFO ][o.e.c.m.MetaDataMappingService] [M7Qoz81] [articles/O198hTfWRJKnfZUQ6BGzVg] create_mapping [articles]
[2017-11-17T17:21:46,795][INFO ][o.e.c.m.MetaDataMappingService] [M7Qoz81] [.kibana/iZEbR2hpQSqYn5cPY7THwA] update_mapping [doc]
[2017-11-17T17:33:37,980][DEBUG][o.e.a.a.i.m.p.TransportPutMappingAction] [M7Qoz81] failed to put mappings on indices [[[articles/O198hTfWRJKnfZUQ6BGzVg]]], type [article]
java.lang.IllegalArgumentException: Rejecting mapping update to [articles] as the final mapping would have more than 1 type: [articles, article]
	at org.elasticsearch.index.mapper.MapperService.internalMerge(MapperService.java:494) ~[elasticsearch-6.0.0.jar:6.0.0]
	at org.elasticsearch.index.mapper.MapperService.internalMerge(MapperService.java:350) ~[elasticsearch-6.0.0.jar:6.0.0]
	at org.elasticsearch.index.mapper.MapperService.merge(MapperService.java:282) ~[elasticsearch-6.0.0.jar:6.0.0]
	at org.elasticsearch.cluster.metadata.MetaDataMappingService$PutMappingExecutor.applyRequest(MetaDataMappingService.java:311) ~[elasticsearch-6.0.0.jar:6.0.0]
	at org.elasticsearch.cluster.metadata.MetaDataMappingService$PutMappingExecutor.execute(MetaDataMappingService.java:230) ~[elasticsearch-6.0.0.jar:6.0.0]
	at org.elasticsearch.cluster.service.MasterService.executeTasks(MasterService.java:640) ~[elasticsearch-6.0.0.jar:6.0.0]
	at org.elasticsearch.cluster.service.MasterService.calculateTaskOutputs(MasterService.java:270) ~[elasticsearch-6.0.0.jar:6.0.0]
	at org.elasticsearch.cluster.service.MasterService.runTasks(MasterService.java:195) [elasticsearch-6.0.0.jar:6.0.0]
	at org.elasticsearch.cluster.service.MasterService$Batcher.run(MasterService.java:130) [elasticsearch-6.0.0.jar:6.0.0]
	at org.elasticsearch.cluster.service.TaskBatcher.runIfNotProcessed(TaskBatcher.java:150) [elasticsearch-6.0.0.jar:6.0.0]
	at org.elasticsearch.cluster.service.TaskBatcher$BatchedTask.run(TaskBatcher.java:188) [elasticsearch-6.0.0.jar:6.0.0]
	at org.elasticsearch.common.util.concurrent.ThreadContext$ContextPreservingRunnable.run(ThreadContext.java:569) [elasticsearch-6.0.0.jar:6.0.0]
	at org.elasticsearch.common.util.concurrent.PrioritizedEsThreadPoolExecutor$TieBreakingPrioritizedRunnable.runAndClean(PrioritizedEsThreadPoolExecutor.java:247) [elasticsearch-6.0.0.jar:6.0.0]
	at org.elasticsearch.common.util.concurrent.PrioritizedEsThreadPoolExecutor$TieBreakingPrioritizedRunnable.run(PrioritizedEsThreadPoolExecutor.java:210) [elasticsearch-6.0.0.jar:6.0.0]
	at java.util.concurrent.ThreadPoolExecutor.runWorker(ThreadPoolExecutor.java:1149) [?:1.8.0_144]
	at java.util.concurrent.ThreadPoolExecutor$Worker.run(ThreadPoolExecutor.java:624) [?:1.8.0_144]
	at java.lang.Thread.run(Thread.java:748) [?:1.8.0_144]
[2017-11-17T17:33:37,987][DEBUG][o.e.a.b.TransportShardBulkAction] [articles][3] failed to execute bulk item (index) BulkShardRequest [[articles][3]] containing [index {[articles][article][1], source[n/a, actual length: [2.9kb], max length: 2kb]}]
java.lang.IllegalArgumentException: Rejecting mapping update to [articles] as the final mapping would have more than 1 type: [articles, article]
	at org.elasticsearch.index.mapper.MapperService.internalMerge(MapperService.java:494) ~[elasticsearch-6.0.0.jar:6.0.0]
	at org.elasticsearch.index.mapper.MapperService.internalMerge(MapperService.java:350) ~[elasticsearch-6.0.0.jar:6.0.0]
	at org.elasticsearch.index.mapper.MapperService.merge(MapperService.java:282) ~[elasticsearch-6.0.0.jar:6.0.0]
	at org.elasticsearch.cluster.metadata.MetaDataMappingService$PutMappingExecutor.applyRequest(MetaDataMappingService.java:311) ~[elasticsearch-6.0.0.jar:6.0.0]
	at org.elasticsearch.cluster.metadata.MetaDataMappingService$PutMappingExecutor.execute(MetaDataMappingService.java:230) ~[elasticsearch-6.0.0.jar:6.0.0]
	at org.elasticsearch.cluster.service.MasterService.executeTasks(MasterService.java:640) ~[elasticsearch-6.0.0.jar:6.0.0]
	at org.elasticsearch.cluster.service.MasterService.calculateTaskOutputs(MasterService.java:270) ~[elasticsearch-6.0.0.jar:6.0.0]
	at org.elasticsearch.cluster.service.MasterService.runTasks(MasterService.java:195) ~[elasticsearch-6.0.0.jar:6.0.0]
	at org.elasticsearch.cluster.service.MasterService$Batcher.run(MasterService.java:130) ~[elasticsearch-6.0.0.jar:6.0.0]
	at org.elasticsearch.cluster.service.TaskBatcher.runIfNotProcessed(TaskBatcher.java:150) ~[elasticsearch-6.0.0.jar:6.0.0]
	at org.elasticsearch.cluster.service.TaskBatcher$BatchedTask.run(TaskBatcher.java:188) ~[elasticsearch-6.0.0.jar:6.0.0]
	at org.elasticsearch.common.util.concurrent.ThreadContext$ContextPreservingRunnable.run(ThreadContext.java:569) ~[elasticsearch-6.0.0.jar:6.0.0]
	at org.elasticsearch.common.util.concurrent.PrioritizedEsThreadPoolExecutor$TieBreakingPrioritizedRunnable.runAndClean(PrioritizedEsThreadPoolExecutor.java:247) ~[elasticsearch-6.0.0.jar:6.0.0]
	at org.elasticsearch.common.util.concurrent.PrioritizedEsThreadPoolExecutor$TieBreakingPrioritizedRunnable.run(PrioritizedEsThreadPoolExecutor.java:210) ~[elasticsearch-6.0.0.jar:6.0.0]
	at java.util.concurrent.ThreadPoolExecutor.runWorker(ThreadPoolExecutor.java:1149) [?:1.8.0_144]
	at java.util.concurrent.ThreadPoolExecutor$Worker.run(ThreadPoolExecutor.java:624) [?:1.8.0_144]
	at java.lang.Thread.run(Thread.java:748) [?:1.8.0_144]
[2017-11-17T17:34:30,740][DEBUG][o.e.a.a.i.m.p.TransportPutMappingAction] [M7Qoz81] failed to put mappings on indices [[[articles/O198hTfWRJKnfZUQ6BGzVg]]], type [article]
java.lang.IllegalArgumentException: Rejecting mapping update to [articles] as the final mapping would have more than 1 type: [articles, article]
	at org.elasticsearch.index.mapper.MapperService.internalMerge(MapperService.java:494) ~[elasticsearch-6.0.0.jar:6.0.0]
	at org.elasticsearch.index.mapper.MapperService.internalMerge(MapperService.java:350) ~[elasticsearch-6.0.0.jar:6.0.0]
	at org.elasticsearch.index.mapper.MapperService.merge(MapperService.java:282) ~[elasticsearch-6.0.0.jar:6.0.0]
	at org.elasticsearch.cluster.metadata.MetaDataMappingService$PutMappingExecutor.applyRequest(MetaDataMappingService.java:311) ~[elasticsearch-6.0.0.jar:6.0.0]
	at org.elasticsearch.cluster.metadata.MetaDataMappingService$PutMappingExecutor.execute(MetaDataMappingService.java:230) ~[elasticsearch-6.0.0.jar:6.0.0]
	at org.elasticsearch.cluster.service.MasterService.executeTasks(MasterService.java:640) ~[elasticsearch-6.0.0.jar:6.0.0]
	at org.elasticsearch.cluster.service.MasterService.calculateTaskOutputs(MasterService.java:270) ~[elasticsearch-6.0.0.jar:6.0.0]
	at org.elasticsearch.cluster.service.MasterService.runTasks(MasterService.java:195) [elasticsearch-6.0.0.jar:6.0.0]
	at org.elasticsearch.cluster.service.MasterService$Batcher.run(MasterService.java:130) [elasticsearch-6.0.0.jar:6.0.0]
	at org.elasticsearch.cluster.service.TaskBatcher.runIfNotProcessed(TaskBatcher.java:150) [elasticsearch-6.0.0.jar:6.0.0]
	at org.elasticsearch.cluster.service.TaskBatcher$BatchedTask.run(TaskBatcher.java:188) [elasticsearch-6.0.0.jar:6.0.0]
	at org.elasticsearch.common.util.concurrent.ThreadContext$ContextPreservingRunnable.run(ThreadContext.java:569) [elasticsearch-6.0.0.jar:6.0.0]
	at org.elasticsearch.common.util.concurrent.PrioritizedEsThreadPoolExecutor$TieBreakingPrioritizedRunnable.runAndClean(PrioritizedEsThreadPoolExecutor.java:247) [elasticsearch-6.0.0.jar:6.0.0]
	at org.elasticsearch.common.util.concurrent.PrioritizedEsThreadPoolExecutor$TieBreakingPrioritizedRunnable.run(PrioritizedEsThreadPoolExecutor.java:210) [elasticsearch-6.0.0.jar:6.0.0]
	at java.util.concurrent.ThreadPoolExecutor.runWorker(ThreadPoolExecutor.java:1149) [?:1.8.0_144]
	at java.util.concurrent.ThreadPoolExecutor$Worker.run(ThreadPoolExecutor.java:624) [?:1.8.0_144]
	at java.lang.Thread.run(Thread.java:748) [?:1.8.0_144]
[2017-11-17T17:34:30,742][DEBUG][o.e.a.b.TransportShardBulkAction] [articles][3] failed to execute bulk item (index) BulkShardRequest [[articles][3]] containing [index {[articles][article][1], source[n/a, actual length: [2.9kb], max length: 2kb]}]
java.lang.IllegalArgumentException: Rejecting mapping update to [articles] as the final mapping would have more than 1 type: [articles, article]
	at org.elasticsearch.index.mapper.MapperService.internalMerge(MapperService.java:494) ~[elasticsearch-6.0.0.jar:6.0.0]
	at org.elasticsearch.index.mapper.MapperService.internalMerge(MapperService.java:350) ~[elasticsearch-6.0.0.jar:6.0.0]
	at org.elasticsearch.index.mapper.MapperService.merge(MapperService.java:282) ~[elasticsearch-6.0.0.jar:6.0.0]
	at org.elasticsearch.cluster.metadata.MetaDataMappingService$PutMappingExecutor.applyRequest(MetaDataMappingService.java:311) ~[elasticsearch-6.0.0.jar:6.0.0]
	at org.elasticsearch.cluster.metadata.MetaDataMappingService$PutMappingExecutor.execute(MetaDataMappingService.java:230) ~[elasticsearch-6.0.0.jar:6.0.0]
	at org.elasticsearch.cluster.service.MasterService.executeTasks(MasterService.java:640) ~[elasticsearch-6.0.0.jar:6.0.0]
	at org.elasticsearch.cluster.service.MasterService.calculateTaskOutputs(MasterService.java:270) ~[elasticsearch-6.0.0.jar:6.0.0]
	at org.elasticsearch.cluster.service.MasterService.runTasks(MasterService.java:195) ~[elasticsearch-6.0.0.jar:6.0.0]
	at org.elasticsearch.cluster.service.MasterService$Batcher.run(MasterService.java:130) ~[elasticsearch-6.0.0.jar:6.0.0]
	at org.elasticsearch.cluster.service.TaskBatcher.runIfNotProcessed(TaskBatcher.java:150) ~[elasticsearch-6.0.0.jar:6.0.0]
	at org.elasticsearch.cluster.service.TaskBatcher$BatchedTask.run(TaskBatcher.java:188) ~[elasticsearch-6.0.0.jar:6.0.0]
	at org.elasticsearch.common.util.concurrent.ThreadContext$ContextPreservingRunnable.run(ThreadContext.java:569) ~[elasticsearch-6.0.0.jar:6.0.0]
	at org.elasticsearch.common.util.concurrent.PrioritizedEsThreadPoolExecutor$TieBreakingPrioritizedRunnable.runAndClean(PrioritizedEsThreadPoolExecutor.java:247) ~[elasticsearch-6.0.0.jar:6.0.0]
	at org.elasticsearch.common.util.concurrent.PrioritizedEsThreadPoolExecutor$TieBreakingPrioritizedRunnable.run(PrioritizedEsThreadPoolExecutor.java:210) ~[elasticsearch-6.0.0.jar:6.0.0]
	at java.util.concurrent.ThreadPoolExecutor.runWorker(ThreadPoolExecutor.java:1149) [?:1.8.0_144]
	at java.util.concurrent.ThreadPoolExecutor$Worker.run(ThreadPoolExecutor.java:624) [?:1.8.0_144]
	at java.lang.Thread.run(Thread.java:748) [?:1.8.0_144]
[2017-11-17T17:35:36,184][DEBUG][o.e.a.a.i.m.p.TransportPutMappingAction] [M7Qoz81] failed to put mappings on indices [[[articles/O198hTfWRJKnfZUQ6BGzVg]]], type [article]
java.lang.IllegalArgumentException: Rejecting mapping update to [articles] as the final mapping would have more than 1 type: [articles, article]
	at org.elasticsearch.index.mapper.MapperService.internalMerge(MapperService.java:494) ~[elasticsearch-6.0.0.jar:6.0.0]
	at org.elasticsearch.index.mapper.MapperService.internalMerge(MapperService.java:350) ~[elasticsearch-6.0.0.jar:6.0.0]
	at org.elasticsearch.index.mapper.MapperService.merge(MapperService.java:282) ~[elasticsearch-6.0.0.jar:6.0.0]
	at org.elasticsearch.cluster.metadata.MetaDataMappingService$PutMappingExecutor.applyRequest(MetaDataMappingService.java:311) ~[elasticsearch-6.0.0.jar:6.0.0]
	at org.elasticsearch.cluster.metadata.MetaDataMappingService$PutMappingExecutor.execute(MetaDataMappingService.java:230) ~[elasticsearch-6.0.0.jar:6.0.0]
	at org.elasticsearch.cluster.service.MasterService.executeTasks(MasterService.java:640) ~[elasticsearch-6.0.0.jar:6.0.0]
	at org.elasticsearch.cluster.service.MasterService.calculateTaskOutputs(MasterService.java:270) ~[elasticsearch-6.0.0.jar:6.0.0]
	at org.elasticsearch.cluster.service.MasterService.runTasks(MasterService.java:195) [elasticsearch-6.0.0.jar:6.0.0]
	at org.elasticsearch.cluster.service.MasterService$Batcher.run(MasterService.java:130) [elasticsearch-6.0.0.jar:6.0.0]
	at org.elasticsearch.cluster.service.TaskBatcher.runIfNotProcessed(TaskBatcher.java:150) [elasticsearch-6.0.0.jar:6.0.0]
	at org.elasticsearch.cluster.service.TaskBatcher$BatchedTask.run(TaskBatcher.java:188) [elasticsearch-6.0.0.jar:6.0.0]
	at org.elasticsearch.common.util.concurrent.ThreadContext$ContextPreservingRunnable.run(ThreadContext.java:569) [elasticsearch-6.0.0.jar:6.0.0]
	at org.elasticsearch.common.util.concurrent.PrioritizedEsThreadPoolExecutor$TieBreakingPrioritizedRunnable.runAndClean(PrioritizedEsThreadPoolExecutor.java:247) [elasticsearch-6.0.0.jar:6.0.0]
	at org.elasticsearch.common.util.concurrent.PrioritizedEsThreadPoolExecutor$TieBreakingPrioritizedRunnable.run(PrioritizedEsThreadPoolExecutor.java:210) [elasticsearch-6.0.0.jar:6.0.0]
	at java.util.concurrent.ThreadPoolExecutor.runWorker(ThreadPoolExecutor.java:1149) [?:1.8.0_144]
	at java.util.concurrent.ThreadPoolExecutor$Worker.run(ThreadPoolExecutor.java:624) [?:1.8.0_144]
	at java.lang.Thread.run(Thread.java:748) [?:1.8.0_144]
[2017-11-17T17:35:36,188][DEBUG][o.e.a.b.TransportShardBulkAction] [articles][3] failed to execute bulk item (index) BulkShardRequest [[articles][3]] containing [index {[articles][article][1], source[n/a, actual length: [2.9kb], max length: 2kb]}]
java.lang.IllegalArgumentException: Rejecting mapping update to [articles] as the final mapping would have more than 1 type: [articles, article]
	at org.elasticsearch.index.mapper.MapperService.internalMerge(MapperService.java:494) ~[elasticsearch-6.0.0.jar:6.0.0]
	at org.elasticsearch.index.mapper.MapperService.internalMerge(MapperService.java:350) ~[elasticsearch-6.0.0.jar:6.0.0]
	at org.elasticsearch.index.mapper.MapperService.merge(MapperService.java:282) ~[elasticsearch-6.0.0.jar:6.0.0]
	at org.elasticsearch.cluster.metadata.MetaDataMappingService$PutMappingExecutor.applyRequest(MetaDataMappingService.java:311) ~[elasticsearch-6.0.0.jar:6.0.0]
	at org.elasticsearch.cluster.metadata.MetaDataMappingService$PutMappingExecutor.execute(MetaDataMappingService.java:230) ~[elasticsearch-6.0.0.jar:6.0.0]
	at org.elasticsearch.cluster.service.MasterService.executeTasks(MasterService.java:640) ~[elasticsearch-6.0.0.jar:6.0.0]
	at org.elasticsearch.cluster.service.MasterService.calculateTaskOutputs(MasterService.java:270) ~[elasticsearch-6.0.0.jar:6.0.0]
	at org.elasticsearch.cluster.service.MasterService.runTasks(MasterService.java:195) ~[elasticsearch-6.0.0.jar:6.0.0]
	at org.elasticsearch.cluster.service.MasterService$Batcher.run(MasterService.java:130) ~[elasticsearch-6.0.0.jar:6.0.0]
	at org.elasticsearch.cluster.service.TaskBatcher.runIfNotProcessed(TaskBatcher.java:150) ~[elasticsearch-6.0.0.jar:6.0.0]
	at org.elasticsearch.cluster.service.TaskBatcher$BatchedTask.run(TaskBatcher.java:188) ~[elasticsearch-6.0.0.jar:6.0.0]
	at org.elasticsearch.common.util.concurrent.ThreadContext$ContextPreservingRunnable.run(ThreadContext.java:569) ~[elasticsearch-6.0.0.jar:6.0.0]
	at org.elasticsearch.common.util.concurrent.PrioritizedEsThreadPoolExecutor$TieBreakingPrioritizedRunnable.runAndClean(PrioritizedEsThreadPoolExecutor.java:247) ~[elasticsearch-6.0.0.jar:6.0.0]
	at org.elasticsearch.common.util.concurrent.PrioritizedEsThreadPoolExecutor$TieBreakingPrioritizedRunnable.run(PrioritizedEsThreadPoolExecutor.java:210) ~[elasticsearch-6.0.0.jar:6.0.0]
	at java.util.concurrent.ThreadPoolExecutor.runWorker(ThreadPoolExecutor.java:1149) [?:1.8.0_144]
	at java.util.concurrent.ThreadPoolExecutor$Worker.run(ThreadPoolExecutor.java:624) [?:1.8.0_144]
	at java.lang.Thread.run(Thread.java:748) [?:1.8.0_144]
[2017-11-17T17:36:04,852][DEBUG][o.e.a.a.i.m.p.TransportPutMappingAction] [M7Qoz81] failed to put mappings on indices [[[articles/O198hTfWRJKnfZUQ6BGzVg]]], type [article]
java.lang.IllegalArgumentException: Rejecting mapping update to [articles] as the final mapping would have more than 1 type: [articles, article]
	at org.elasticsearch.index.mapper.MapperService.internalMerge(MapperService.java:494) ~[elasticsearch-6.0.0.jar:6.0.0]
	at org.elasticsearch.index.mapper.MapperService.internalMerge(MapperService.java:350) ~[elasticsearch-6.0.0.jar:6.0.0]
	at org.elasticsearch.index.mapper.MapperService.merge(MapperService.java:282) ~[elasticsearch-6.0.0.jar:6.0.0]
	at org.elasticsearch.cluster.metadata.MetaDataMappingService$PutMappingExecutor.applyRequest(MetaDataMappingService.java:311) ~[elasticsearch-6.0.0.jar:6.0.0]
	at org.elasticsearch.cluster.metadata.MetaDataMappingService$PutMappingExecutor.execute(MetaDataMappingService.java:230) ~[elasticsearch-6.0.0.jar:6.0.0]
	at org.elasticsearch.cluster.service.MasterService.executeTasks(MasterService.java:640) ~[elasticsearch-6.0.0.jar:6.0.0]
	at org.elasticsearch.cluster.service.MasterService.calculateTaskOutputs(MasterService.java:270) ~[elasticsearch-6.0.0.jar:6.0.0]
	at org.elasticsearch.cluster.service.MasterService.runTasks(MasterService.java:195) [elasticsearch-6.0.0.jar:6.0.0]
	at org.elasticsearch.cluster.service.MasterService$Batcher.run(MasterService.java:130) [elasticsearch-6.0.0.jar:6.0.0]
	at org.elasticsearch.cluster.service.TaskBatcher.runIfNotProcessed(TaskBatcher.java:150) [elasticsearch-6.0.0.jar:6.0.0]
	at org.elasticsearch.cluster.service.TaskBatcher$BatchedTask.run(TaskBatcher.java:188) [elasticsearch-6.0.0.jar:6.0.0]
	at org.elasticsearch.common.util.concurrent.ThreadContext$ContextPreservingRunnable.run(ThreadContext.java:569) [elasticsearch-6.0.0.jar:6.0.0]
	at org.elasticsearch.common.util.concurrent.PrioritizedEsThreadPoolExecutor$TieBreakingPrioritizedRunnable.runAndClean(PrioritizedEsThreadPoolExecutor.java:247) [elasticsearch-6.0.0.jar:6.0.0]
	at org.elasticsearch.common.util.concurrent.PrioritizedEsThreadPoolExecutor$TieBreakingPrioritizedRunnable.run(PrioritizedEsThreadPoolExecutor.java:210) [elasticsearch-6.0.0.jar:6.0.0]
	at java.util.concurrent.ThreadPoolExecutor.runWorker(ThreadPoolExecutor.java:1149) [?:1.8.0_144]
	at java.util.concurrent.ThreadPoolExecutor$Worker.run(ThreadPoolExecutor.java:624) [?:1.8.0_144]
	at java.lang.Thread.run(Thread.java:748) [?:1.8.0_144]
[2017-11-17T17:36:04,854][DEBUG][o.e.a.b.TransportShardBulkAction] [articles][3] failed to execute bulk item (index) BulkShardRequest [[articles][3]] containing [index {[articles][article][1], source[n/a, actual length: [2.9kb], max length: 2kb]}]
java.lang.IllegalArgumentException: Rejecting mapping update to [articles] as the final mapping would have more than 1 type: [articles, article]
	at org.elasticsearch.index.mapper.MapperService.internalMerge(MapperService.java:494) ~[elasticsearch-6.0.0.jar:6.0.0]
	at org.elasticsearch.index.mapper.MapperService.internalMerge(MapperService.java:350) ~[elasticsearch-6.0.0.jar:6.0.0]
	at org.elasticsearch.index.mapper.MapperService.merge(MapperService.java:282) ~[elasticsearch-6.0.0.jar:6.0.0]
	at org.elasticsearch.cluster.metadata.MetaDataMappingService$PutMappingExecutor.applyRequest(MetaDataMappingService.java:311) ~[elasticsearch-6.0.0.jar:6.0.0]
	at org.elasticsearch.cluster.metadata.MetaDataMappingService$PutMappingExecutor.execute(MetaDataMappingService.java:230) ~[elasticsearch-6.0.0.jar:6.0.0]
	at org.elasticsearch.cluster.service.MasterService.executeTasks(MasterService.java:640) ~[elasticsearch-6.0.0.jar:6.0.0]
	at org.elasticsearch.cluster.service.MasterService.calculateTaskOutputs(MasterService.java:270) ~[elasticsearch-6.0.0.jar:6.0.0]
	at org.elasticsearch.cluster.service.MasterService.runTasks(MasterService.java:195) ~[elasticsearch-6.0.0.jar:6.0.0]
	at org.elasticsearch.cluster.service.MasterService$Batcher.run(MasterService.java:130) ~[elasticsearch-6.0.0.jar:6.0.0]
	at org.elasticsearch.cluster.service.TaskBatcher.runIfNotProcessed(TaskBatcher.java:150) ~[elasticsearch-6.0.0.jar:6.0.0]
	at org.elasticsearch.cluster.service.TaskBatcher$BatchedTask.run(TaskBatcher.java:188) ~[elasticsearch-6.0.0.jar:6.0.0]
	at org.elasticsearch.common.util.concurrent.ThreadContext$ContextPreservingRunnable.run(ThreadContext.java:569) ~[elasticsearch-6.0.0.jar:6.0.0]
	at org.elasticsearch.common.util.concurrent.PrioritizedEsThreadPoolExecutor$TieBreakingPrioritizedRunnable.runAndClean(PrioritizedEsThreadPoolExecutor.java:247) ~[elasticsearch-6.0.0.jar:6.0.0]
	at org.elasticsearch.common.util.concurrent.PrioritizedEsThreadPoolExecutor$TieBreakingPrioritizedRunnable.run(PrioritizedEsThreadPoolExecutor.java:210) ~[elasticsearch-6.0.0.jar:6.0.0]
	at java.util.concurrent.ThreadPoolExecutor.runWorker(ThreadPoolExecutor.java:1149) [?:1.8.0_144]
	at java.util.concurrent.ThreadPoolExecutor$Worker.run(ThreadPoolExecutor.java:624) [?:1.8.0_144]
	at java.lang.Thread.run(Thread.java:748) [?:1.8.0_144]
[2017-11-17T17:37:40,597][INFO ][o.e.c.m.MetaDataDeleteIndexService] [M7Qoz81] [articles/O198hTfWRJKnfZUQ6BGzVg] deleting index
[2017-11-17T17:46:24,367][INFO ][o.e.c.m.MetaDataCreateIndexService] [M7Qoz81] [articles] creating index, cause [api], templates [], shards [5]/[1], mappings []
[2017-11-17T17:46:24,447][INFO ][o.e.c.m.MetaDataMappingService] [M7Qoz81] [articles/HBI3mvm9SSSE4V17yXX20Q] create_mapping [article]
[2017-11-17T17:47:47,600][INFO ][o.e.c.m.MetaDataDeleteIndexService] [M7Qoz81] [articles/HBI3mvm9SSSE4V17yXX20Q] deleting index
[2017-11-17T17:53:37,045][INFO ][o.e.c.m.MetaDataCreateIndexService] [M7Qoz81] [articles] creating index, cause [api], templates [], shards [5]/[1], mappings []
[2017-11-17T17:53:37,098][INFO ][o.e.c.m.MetaDataMappingService] [M7Qoz81] [articles/VnShlPnFR-Scq6kGttyX3w] create_mapping [article]
[2017-11-17T18:36:48,976][INFO ][o.e.c.m.MetaDataDeleteIndexService] [M7Qoz81] [articles/VnShlPnFR-Scq6kGttyX3w] deleting index
[2017-11-17T18:36:50,962][INFO ][o.e.c.m.MetaDataCreateIndexService] [M7Qoz81] [articles] creating index, cause [api], templates [], shards [5]/[1], mappings []
[2017-11-17T18:36:51,016][INFO ][o.e.c.m.MetaDataMappingService] [M7Qoz81] [articles/e_MdNLVcQMm-ftANj9FmHg] create_mapping [article]
[2017-11-17T18:45:12,302][INFO ][o.e.c.m.MetaDataDeleteIndexService] [M7Qoz81] [articles/e_MdNLVcQMm-ftANj9FmHg] deleting index
[2017-11-17T18:45:16,362][INFO ][o.e.c.m.MetaDataCreateIndexService] [M7Qoz81] [articles] creating index, cause [api], templates [], shards [5]/[1], mappings []
[2017-11-17T18:45:16,413][INFO ][o.e.c.m.MetaDataMappingService] [M7Qoz81] [articles/1JFFLSZvQ9Cs__vnv_DCqg] create_mapping [article]
[2017-11-17T19:07:13,087][INFO ][o.e.c.m.MetaDataDeleteIndexService] [M7Qoz81] [articles/1JFFLSZvQ9Cs__vnv_DCqg] deleting index
[2017-11-17T19:07:25,122][INFO ][o.e.c.m.MetaDataCreateIndexService] [M7Qoz81] [articles] creating index, cause [api], templates [], shards [5]/[1], mappings []
[2017-11-17T19:07:25,167][INFO ][o.e.c.m.MetaDataMappingService] [M7Qoz81] [articles/Kzf10r6hRImJ2wlzBtVHtw] create_mapping [article]
[2017-11-17T19:22:11,704][INFO ][o.e.c.m.MetaDataDeleteIndexService] [M7Qoz81] [articles/Kzf10r6hRImJ2wlzBtVHtw] deleting index
[2017-11-17T19:23:03,956][INFO ][o.e.c.m.MetaDataCreateIndexService] [M7Qoz81] [articles] creating index, cause [api], templates [], shards [5]/[1], mappings []
[2017-11-17T19:23:04,004][INFO ][o.e.c.m.MetaDataMappingService] [M7Qoz81] [articles/VOrikmo7S1mKsYVO4lNYiA] create_mapping [article]
